Using pre-set license
Built from '2021.3/staging' branch; Version is '2021.3.16f1 (4016570cf34f) revision 4200023'; Using compiler version '192829333'; Build Type 'Release'
OS: 'Windows 10  (10.0.19044) 64bit Core' Language: 'en' Physical Memory: 16103 MB
BatchMode: 1, IsHumanControllingUs: 0, StartBugReporterOnCrash: 0, Is64bit: 1, IsPro: 1

COMMAND LINE ARGUMENTS:
C:\Program Files\Unity\Hub\Editor\2021.3.16f1\Editor\Unity.exe
-adb2
-batchMode
-noUpm
-name
AssetImportWorker8
-projectPath
C:/Users/btmod/OneDrive/Documents/game-bytes/Roots
-logFile
Logs/AssetImportWorker8.log
-srvPort
50137
Successfully changed project path to: C:/Users/btmod/OneDrive/Documents/game-bytes/Roots
C:/Users/btmod/OneDrive/Documents/game-bytes/Roots
[UnityMemory] Configuration Parameters - Can be set up in boot.config
    "memorysetup-bucket-allocator-granularity=16"
    "memorysetup-bucket-allocator-bucket-count=8"
    "memorysetup-bucket-allocator-block-size=33554432"
    "memorysetup-bucket-allocator-block-count=8"
    "memorysetup-main-allocator-block-size=16777216"
    "memorysetup-thread-allocator-block-size=16777216"
    "memorysetup-gfx-main-allocator-block-size=16777216"
    "memorysetup-gfx-thread-allocator-block-size=16777216"
    "memorysetup-cache-allocator-block-size=4194304"
    "memorysetup-typetree-allocator-block-size=2097152"
    "memorysetup-profiler-bucket-allocator-granularity=16"
    "memorysetup-profiler-bucket-allocator-bucket-count=8"
    "memorysetup-profiler-bucket-allocator-block-size=33554432"
    "memorysetup-profiler-bucket-allocator-block-count=8"
    "memorysetup-profiler-allocator-block-size=16777216"
    "memorysetup-profiler-editor-allocator-block-size=1048576"
    "memorysetup-temp-allocator-size-main=16777216"
    "memorysetup-job-temp-allocator-block-size=2097152"
    "memorysetup-job-temp-allocator-block-size-background=1048576"
    "memorysetup-job-temp-allocator-reduction-small-platforms=262144"
    "memorysetup-temp-allocator-size-background-worker=32768"
    "memorysetup-temp-allocator-size-job-worker=262144"
    "memorysetup-temp-allocator-size-preload-manager=33554432"
    "memorysetup-temp-allocator-size-nav-mesh-worker=65536"
    "memorysetup-temp-allocator-size-audio-worker=65536"
    "memorysetup-temp-allocator-size-cloud-worker=32768"
    "memorysetup-temp-allocator-size-gi-baking-worker=262144"
    "memorysetup-temp-allocator-size-gfx=262144"
Player connection [3608] Host "[IP] 10.105.38.233 [Port] 0 [Flags] 2 [Guid] 1954340882 [EditorId] 1954340882 [Version] 1048832 [Id] WindowsEditor(7,PC) [Debug] 1 [PackageName] WindowsEditor [ProjectName] Editor" joined multi-casting on [225.0.0.222:54997]...

Player connection [3608] Host "[IP] 10.105.38.233 [Port] 0 [Flags] 2 [Guid] 1954340882 [EditorId] 1954340882 [Version] 1048832 [Id] WindowsEditor(7,PC) [Debug] 1 [PackageName] WindowsEditor [ProjectName] Editor" joined alternative multi-casting on [225.0.0.222:34997]...

Refreshing native plugins compatible for Editor in 169.23 ms, found 4 plugins.
Preloading 0 native plugins for Editor in 0.00 ms.
Initialize engine version: 2021.3.16f1 (4016570cf34f)
[Subsystems] Discovering subsystems at path C:/Program Files/Unity/Hub/Editor/2021.3.16f1/Editor/Data/Resources/UnitySubsystems
[Subsystems] Discovering subsystems at path C:/Users/btmod/OneDrive/Documents/game-bytes/Roots/Assets
GfxDevice: creating device client; threaded=0; jobified=0
Direct3D:
    Version:  Direct3D 11.0 [level 11.1]
    Renderer: NVIDIA GeForce RTX 3050 Ti Laptop GPU (ID=0x25a0)
    Vendor:   NVIDIA
    VRAM:     3993 MB
    Driver:   31.0.15.1700
Initialize mono
Mono path[0] = 'C:/Program Files/Unity/Hub/Editor/2021.3.16f1/Editor/Data/Managed'
Mono path[1] = 'C:/Program Files/Unity/Hub/Editor/2021.3.16f1/Editor/Data/MonoBleedingEdge/lib/mono/unityjit-win32'
Mono config path = 'C:/Program Files/Unity/Hub/Editor/2021.3.16f1/Editor/Data/MonoBleedingEdge/etc'
Using monoOptions --debugger-agent=transport=dt_socket,embedding=1,server=y,suspend=n,address=127.0.0.1:56508
Begin MonoManager ReloadAssembly
Registering precompiled unity dll's ...
Register platform support module: C:/Program Files/Unity/Hub/Editor/2021.3.16f1/Editor/Data/PlaybackEngines/WindowsStandaloneSupport/UnityEditor.WindowsStandalone.Extensions.dll
Registered in 0.010140 seconds.
Native extension for WindowsStandalone target not found
Refreshing native plugins compatible for Editor in 149.83 ms, found 4 plugins.
Preloading 0 native plugins for Editor in 0.00 ms.
Mono: successfully reloaded assembly
- Completed reload, in  0.826 seconds
Domain Reload Profiling:
	ReloadAssembly (827ms)
		BeginReloadAssembly (116ms)
			ExecutionOrderSort (0ms)
			DisableScriptedObjects (0ms)
			BackupInstance (0ms)
			ReleaseScriptingObjects (0ms)
			CreateAndSetChildDomain (1ms)
		EndReloadAssembly (590ms)
			LoadAssemblies (113ms)
			RebuildTransferFunctionScriptingTraits (0ms)
			SetupTypeCache (141ms)
			ReleaseScriptCaches (0ms)
			RebuildScriptCaches (32ms)
			SetupLoadedEditorAssemblies (358ms)
				LogAssemblyErrors (0ms)
				InitializePlatformSupportModulesInManaged (9ms)
				SetLoadedEditorAssemblies (0ms)
				RefreshPlugins (150ms)
				BeforeProcessingInitializeOnLoad (2ms)
				ProcessInitializeOnLoadAttributes (149ms)
				ProcessInitializeOnLoadMethodAttributes (48ms)
				AfterProcessingInitializeOnLoad (0ms)
				EditorAssembliesLoaded (0ms)
			ExecutionOrderSort2 (0ms)
			AwakeInstancesAfterBackupRestoration (0ms)
Platform modules already initialized, skipping
Registering precompiled user dll's ...
Registered in 0.007138 seconds.
Begin MonoManager ReloadAssembly
Symbol file LoadedFromMemory doesn't match image C:\Users\btmod\OneDrive\Documents\game-bytes\Roots\Library\PackageCache\com.unity.visualscripting@1.7.8\Editor\VisualScripting.Core\Dependencies\YamlDotNet\Unity.VisualScripting.YamlDotNet.dll
Symbol file LoadedFromMemory doesn't match image C:\Users\btmod\OneDrive\Documents\game-bytes\Roots\Library\PackageCache\com.unity.visualscripting@1.7.8\Editor\VisualScripting.Core\Dependencies\DotNetZip\Unity.VisualScripting.IonicZip.dll
Native extension for WindowsStandalone target not found
Refreshing native plugins compatible for Editor in 147.55 ms, found 4 plugins.
Preloading 0 native plugins for Editor in 0.00 ms.
Mono: successfully reloaded assembly
- Completed reload, in  1.714 seconds
Domain Reload Profiling:
	ReloadAssembly (1715ms)
		BeginReloadAssembly (127ms)
			ExecutionOrderSort (0ms)
			DisableScriptedObjects (6ms)
			BackupInstance (0ms)
			ReleaseScriptingObjects (0ms)
			CreateAndSetChildDomain (27ms)
		EndReloadAssembly (1446ms)
			LoadAssemblies (165ms)
			RebuildTransferFunctionScriptingTraits (0ms)
			SetupTypeCache (355ms)
			ReleaseScriptCaches (2ms)
			RebuildScriptCaches (94ms)
			SetupLoadedEditorAssemblies (766ms)
				LogAssemblyErrors (0ms)
				InitializePlatformSupportModulesInManaged (5ms)
				SetLoadedEditorAssemblies (0ms)
				RefreshPlugins (148ms)
				BeforeProcessingInitializeOnLoad (147ms)
				ProcessInitializeOnLoadAttributes (338ms)
				ProcessInitializeOnLoadMethodAttributes (121ms)
				AfterProcessingInitializeOnLoad (8ms)
				EditorAssembliesLoaded (0ms)
			ExecutionOrderSort2 (0ms)
			AwakeInstancesAfterBackupRestoration (8ms)
Platform modules already initialized, skipping
========================================================================
Worker process is ready to serve import requests
Launched and connected shader compiler UnityShaderCompiler.exe after 0.04 seconds
Refreshing native plugins compatible for Editor in 1.78 ms, found 4 plugins.
Preloading 0 native plugins for Editor in 0.00 ms.
Unloading 5697 Unused Serialized files (Serialized files now loaded: 0)
Unloading 74 unused Assets / (1.3 MB). Loaded Objects now: 6130.
Memory consumption went from 222.0 MB to 220.7 MB.
Total: 5.475600 ms (FindLiveObjects: 0.664900 ms CreateObjectMapping: 0.403100 ms MarkObjects: 3.644800 ms  DeleteObjects: 0.761600 ms)

AssetImportParameters requested are different than current active one (requested -> active):
  custom:video-decoder-ogg-theora: a1e56fd34408186e4bbccfd4996cb3dc -> 
  custom:container-muxer-webm: aa71ff27fc2769a1b78a27578f13a17b -> 
  custom:container-demuxer-webm: 4f35f7cbe854078d1ac9338744f61a02 -> 
  custom:video-encoder-webm-vp8: eb34c28f22e8b96e1ab97ce403110664 -> 
  custom:video-codec-MediaFoundation-h265: 746d11721c4dcdbdad8f713fa42b33f4 -> 
  custom:audio-encoder-webm-vorbis: bf7c407c2cedff20999df2af8eb42d56 -> 
  custom:framework-win-MediaFoundation: 216162199b28c13a410421893ffa2e32 -> 
  custom:container-demuxer-ogg: 62fdf1f143b41e24485cea50d1cbac27 -> 
  custom:video-decoder-webm-vp8: 9c59270c3fd7afecdb556c50c9e8de78 -> 
  custom:audio-decoder-ogg-vorbis: bf7c407c2cedff20999df2af8eb42d56 -> 
========================================================================
Received Import Request.
  Time since last request: 43639.473020 seconds.
  path: Assets/sprites/written 06.pdf
  artifactKey: Guid(2f3da00288d6def49802f3a630f5c74b) Importer(815301076,1909f56bfc062723c751e8b465ee728b)
Start importing Assets/sprites/written 06.pdf using Guid(2f3da00288d6def49802f3a630f5c74b) Importer(815301076,1909f56bfc062723c751e8b465ee728b)  -> (artifact id: '4d208a8b998afa44cc1b2e44fc2ae470') in 0.034545 seconds 
========================================================================
Received Import Request.
  Time since last request: 5.808986 seconds.
  path: Assets/sprites/Reflection.pdf
  artifactKey: Guid(d3b12ba228ff10f4abb59d847b7415e6) Importer(815301076,1909f56bfc062723c751e8b465ee728b)
Start importing Assets/sprites/Reflection.pdf using Guid(d3b12ba228ff10f4abb59d847b7415e6) Importer(815301076,1909f56bfc062723c751e8b465ee728b)  -> (artifact id: 'fa4293c3d28a8312a4d2e93308b0b85a') in 0.006030 seconds 
========================================================================
Received Import Request.
  Time since last request: 1.859568 seconds.
  path: Assets/sprites/kenney_pixelplatformer (1).zip
  artifactKey: Guid(406a3dcc3346b814b8dc0b47656154d9) Importer(815301076,1909f56bfc062723c751e8b465ee728b)
Start importing Assets/sprites/kenney_pixelplatformer (1).zip using Guid(406a3dcc3346b814b8dc0b47656154d9) Importer(815301076,1909f56bfc062723c751e8b465ee728b)  -> (artifact id: 'bdc76e7ee822144e3d6a91e1229626aa') in 0.008350 seconds 
========================================================================
Received Import Request.
  Time since last request: 5.462771 seconds.
  path: Assets/sprites/kenney_pixelplatformer.zip
  artifactKey: Guid(8208d6a55ef30fa4dae044d2699cf8e7) Importer(815301076,1909f56bfc062723c751e8b465ee728b)
Start importing Assets/sprites/kenney_pixelplatformer.zip using Guid(8208d6a55ef30fa4dae044d2699cf8e7) Importer(815301076,1909f56bfc062723c751e8b465ee728b)  -> (artifact id: '0eafff55bec5fa4212cb5643056300e6') in 0.005476 seconds 
========================================================================
Received Import Request.
  Time since last request: 3.223543 seconds.
  path: Assets/sprites/lab 1 Waves on a String.docx
  artifactKey: Guid(76e1f0bd6d52ff244b774c8a3a82f7e6) Importer(815301076,1909f56bfc062723c751e8b465ee728b)
Start importing Assets/sprites/lab 1 Waves on a String.docx using Guid(76e1f0bd6d52ff244b774c8a3a82f7e6) Importer(815301076,1909f56bfc062723c751e8b465ee728b)  -> (artifact id: 'b3d491b7617e1f6b442c13b8947402b1') in 0.007478 seconds 
========================================================================
Received Import Request.
  Time since last request: 1.277546 seconds.
  path: Assets/sprites/lab 2 Sound waves and wave speed (1).docx
  artifactKey: Guid(78dc08fcde97b8e43bb562925b863b03) Importer(815301076,1909f56bfc062723c751e8b465ee728b)
Start importing Assets/sprites/lab 2 Sound waves and wave speed (1).docx using Guid(78dc08fcde97b8e43bb562925b863b03) Importer(815301076,1909f56bfc062723c751e8b465ee728b)  -> (artifact id: 'e0f0fb0407e12b5c31c60fd86cc5d47e') in 0.006116 seconds 
========================================================================
Received Import Request.
  Time since last request: 1.123540 seconds.
  path: Assets/sprites/Lab 7 RLC Oscillations Brad Modzelewski.pdf
  artifactKey: Guid(adbade8294da53846bc028c9b4685781) Importer(815301076,1909f56bfc062723c751e8b465ee728b)
Start importing Assets/sprites/Lab 7 RLC Oscillations Brad Modzelewski.pdf using Guid(adbade8294da53846bc028c9b4685781) Importer(815301076,1909f56bfc062723c751e8b465ee728b)  -> (artifact id: '467ad8f06583f5fdf45e07734b373566') in 0.005713 seconds 
========================================================================
Received Import Request.
  Time since last request: 1.189431 seconds.
  path: Assets/sprites/LC3sim.jar
  artifactKey: Guid(637fa9c3a91aaba48b8d3d01be43da04) Importer(815301076,1909f56bfc062723c751e8b465ee728b)
Start importing Assets/sprites/LC3sim.jar using Guid(637fa9c3a91aaba48b8d3d01be43da04) Importer(815301076,1909f56bfc062723c751e8b465ee728b)  -> (artifact id: 'd21d00fb98493305e8a9734b0f27d82f') in 0.008091 seconds 
========================================================================
Received Import Request.
  Time since last request: 1.267329 seconds.
  path: Assets/sprites/NostalgicTweaks-Fabric-1.18.2-1.0.7.jar
  artifactKey: Guid(8d8988bc19c8b614384e40e674e40170) Importer(815301076,1909f56bfc062723c751e8b465ee728b)
Start importing Assets/sprites/NostalgicTweaks-Fabric-1.18.2-1.0.7.jar using Guid(8d8988bc19c8b614384e40e674e40170) Importer(815301076,1909f56bfc062723c751e8b465ee728b)  -> (artifact id: '05f450207834b7d0b46715156d7ab10e') in 0.005552 seconds 
========================================================================
Received Import Request.
  Time since last request: 1.911972 seconds.
  path: Assets/sprites/Muse_Hub.exe
  artifactKey: Guid(22a88d1145417ae4f90e0d08affc6488) Importer(815301076,1909f56bfc062723c751e8b465ee728b)
Start importing Assets/sprites/Muse_Hub.exe using Guid(22a88d1145417ae4f90e0d08affc6488) Importer(815301076,1909f56bfc062723c751e8b465ee728b)  -> (artifact id: 'f127eabca3cf23c13cf0ba891cb49d3f') in 0.008189 seconds 
========================================================================
Received Import Request.
  Time since last request: 3.427654 seconds.
  path: Assets/sprites/stars_template (1).s
  artifactKey: Guid(3b0bd78554e96c34f9b6fa2391b8714d) Importer(815301076,1909f56bfc062723c751e8b465ee728b)
Start importing Assets/sprites/stars_template (1).s using Guid(3b0bd78554e96c34f9b6fa2391b8714d) Importer(815301076,1909f56bfc062723c751e8b465ee728b)  -> (artifact id: '0bb82ada44e50de5c8bab9641adbea1e') in 0.008192 seconds 
========================================================================
Received Import Request.
  Time since last request: 1.507747 seconds.
  path: Assets/sprites/untitled (4).s
  artifactKey: Guid(95b488ae0ad7d4640bac6a21d605d3c2) Importer(815301076,1909f56bfc062723c751e8b465ee728b)
Start importing Assets/sprites/untitled (4).s using Guid(95b488ae0ad7d4640bac6a21d605d3c2) Importer(815301076,1909f56bfc062723c751e8b465ee728b)  -> (artifact id: 'ed20677c356fb026ef33003c3a344ef7') in 0.006012 seconds 
========================================================================
Received Import Request.
  Time since last request: 1.377473 seconds.
  path: Assets/sprites/Untitled document.pdf
  artifactKey: Guid(916d0a228e91eca4b8ee4088f441b2a6) Importer(815301076,1909f56bfc062723c751e8b465ee728b)
Start importing Assets/sprites/Untitled document.pdf using Guid(916d0a228e91eca4b8ee4088f441b2a6) Importer(815301076,1909f56bfc062723c751e8b465ee728b)  -> (artifact id: '65e04c89644f21ab1f80298bfc65273d') in 0.006237 seconds 
========================================================================
Received Import Request.
  Time since last request: 1.673165 seconds.
  path: Assets/sprites/Horizontal-NW-McCormick-School-of-Engineering-Lockup (1).eps
  artifactKey: Guid(8ea6c8c8f276860479d789fea0605bc4) Importer(815301076,1909f56bfc062723c751e8b465ee728b)
Start importing Assets/sprites/Horizontal-NW-McCormick-School-of-Engineering-Lockup (1).eps using Guid(8ea6c8c8f276860479d789fea0605bc4) Importer(815301076,1909f56bfc062723c751e8b465ee728b)  -> (artifact id: 'b4c81b7e807482934f02e39eb08a3be2') in 0.007574 seconds 
========================================================================
Received Import Request.
  Time since last request: 1.427633 seconds.
  path: Assets/sprites/EE221 Homework #4.pdf
  artifactKey: Guid(434f4dcbd7ea1a447af230ec13016c1f) Importer(815301076,1909f56bfc062723c751e8b465ee728b)
Start importing Assets/sprites/EE221 Homework #4.pdf using Guid(434f4dcbd7ea1a447af230ec13016c1f) Importer(815301076,1909f56bfc062723c751e8b465ee728b)  -> (artifact id: '3a6d34a1c7f1e31669f6afb6987ca7e1') in 0.008362 seconds 
========================================================================
Received Import Request.
  Time since last request: 1.185683 seconds.
  path: Assets/sprites/EE221 Lab2 Pre-Lab Completed Brad Modzelewski.pdf
  artifactKey: Guid(6ddf48fe42aff564d9cd745bccbfaa9c) Importer(815301076,1909f56bfc062723c751e8b465ee728b)
Start importing Assets/sprites/EE221 Lab2 Pre-Lab Completed Brad Modzelewski.pdf using Guid(6ddf48fe42aff564d9cd745bccbfaa9c) Importer(815301076,1909f56bfc062723c751e8b465ee728b)  -> (artifact id: '31785bc8b0d49c125dc8e8544e668be5') in 0.005688 seconds 
========================================================================
Received Import Request.
  Time since last request: 1.692407 seconds.
  path: Assets/sprites/flstudio_win64_21.0.0.3329.exe
  artifactKey: Guid(26860e1b5a5a18b43a79aa7765fb2c53) Importer(815301076,1909f56bfc062723c751e8b465ee728b)
Start importing Assets/sprites/flstudio_win64_21.0.0.3329.exe using Guid(26860e1b5a5a18b43a79aa7765fb2c53) Importer(815301076,1909f56bfc062723c751e8b465ee728b)  -> (artifact id: '1284a924beacb36927a2e5adbaa1a401') in 0.009013 seconds 
========================================================================
Received Import Request.
  Time since last request: 3.490452 seconds.
  path: Assets/sprites/fabric-language-kotlin-1.7.3+kotlin.1.6.20.jar
  artifactKey: Guid(cb3cb18e40d039b4898d1ceb3a5751ea) Importer(815301076,1909f56bfc062723c751e8b465ee728b)
Start importing Assets/sprites/fabric-language-kotlin-1.7.3+kotlin.1.6.20.jar using Guid(cb3cb18e40d039b4898d1ceb3a5751ea) Importer(815301076,1909f56bfc062723c751e8b465ee728b)  -> (artifact id: '58343611daaa8a2697d486ead03cece2') in 0.007842 seconds 
========================================================================
Received Import Request.
  Time since last request: 1.272152 seconds.
  path: Assets/sprites/drawtext_template (12).s
  artifactKey: Guid(1fb0f54f5b9cc144d8ba172040e0898e) Importer(815301076,1909f56bfc062723c751e8b465ee728b)
Start importing Assets/sprites/drawtext_template (12).s using Guid(1fb0f54f5b9cc144d8ba172040e0898e) Importer(815301076,1909f56bfc062723c751e8b465ee728b)  -> (artifact id: '51afd03af23443128b359d2435239727') in 0.006122 seconds 
========================================================================
Received Import Request.
  Time since last request: 1.211306 seconds.
  path: Assets/sprites/drawtext_template (5).s
  artifactKey: Guid(5f9baab6a682e954982fc7054f2ec0f0) Importer(815301076,1909f56bfc062723c751e8b465ee728b)
Start importing Assets/sprites/drawtext_template (5).s using Guid(5f9baab6a682e954982fc7054f2ec0f0) Importer(815301076,1909f56bfc062723c751e8b465ee728b)  -> (artifact id: '728ad7bf0c761d2cc018b73ffabd3193') in 0.005579 seconds 
========================================================================
Received Import Request.
  Time since last request: 1.957342 seconds.
  path: Assets/sprites/compeng203-lecture-28.pdf
  artifactKey: Guid(096803a11c0dcc34abede3b967ff7a21) Importer(815301076,1909f56bfc062723c751e8b465ee728b)
Start importing Assets/sprites/compeng203-lecture-28.pdf using Guid(096803a11c0dcc34abede3b967ff7a21) Importer(815301076,1909f56bfc062723c751e8b465ee728b)  -> (artifact id: '70c3a20a7faff2a4c3e24eb347d114a0') in 0.005891 seconds 
========================================================================
Received Import Request.
  Time since last request: 0.939454 seconds.
  path: Assets/sprites/2021 WQ DTC Graphics 4-1.pdf
  artifactKey: Guid(befe6738851d5c14aa3fd737c0c7e87e) Importer(815301076,1909f56bfc062723c751e8b465ee728b)
Start importing Assets/sprites/2021 WQ DTC Graphics 4-1.pdf using Guid(befe6738851d5c14aa3fd737c0c7e87e) Importer(815301076,1909f56bfc062723c751e8b465ee728b)  -> (artifact id: 'b6ad71a8f37848d547ffef88df9531a1') in 0.006408 seconds 
========================================================================
Received Import Request.
  Time since last request: 11.721084 seconds.
  path: Assets/Settings/Scenes
  artifactKey: Guid(d574b2fb4661c408f80aa76c0182931f) Importer(815301076,1909f56bfc062723c751e8b465ee728b)
Start importing Assets/Settings/Scenes using Guid(d574b2fb4661c408f80aa76c0182931f) Importer(815301076,1909f56bfc062723c751e8b465ee728b)  -> (artifact id: '2ab1b32ea7a284f57957d4fc5c5dea6b') in 0.006349 seconds 
========================================================================
Received Import Request.
  Time since last request: 43.324608 seconds.
  path: Assets/sprites/thumbnail-menu.png
  artifactKey: Guid(5f01a78b6d198ad42a95515a98b23697) Importer(815301076,1909f56bfc062723c751e8b465ee728b)
Start importing Assets/sprites/thumbnail-menu.png using Guid(5f01a78b6d198ad42a95515a98b23697) Importer(815301076,1909f56bfc062723c751e8b465ee728b)  -> (artifact id: '59d5ddfc5c49639e74b7d498eeca3b80') in 0.067754 seconds 
========================================================================
Received Import Request.
  Time since last request: 9.950485 seconds.
  path: Assets/Scenes/Title.unity
  artifactKey: Guid(32b1191f6e798e84d96ea7c2d3ccace5) Importer(815301076,1909f56bfc062723c751e8b465ee728b)
Start importing Assets/Scenes/Title.unity using Guid(32b1191f6e798e84d96ea7c2d3ccace5) Importer(815301076,1909f56bfc062723c751e8b465ee728b)  -> (artifact id: 'e81f27765dec116166ea19e695bc4b1a') in 0.006251 seconds 
========================================================================
Received Import Request.
  Time since last request: 78.570710 seconds.
  path: Assets/sprites/play.png
  artifactKey: Guid(24e427a58b3ef6a4eabfea78b9ec1717) Importer(815301076,1909f56bfc062723c751e8b465ee728b)
Start importing Assets/sprites/play.png using Guid(24e427a58b3ef6a4eabfea78b9ec1717) Importer(815301076,1909f56bfc062723c751e8b465ee728b)  -> (artifact id: 'a10a3e857698512d7bcdca89364712af') in 0.011397 seconds 
========================================================================
Received Import Request.
  Time since last request: 215.765465 seconds.
  path: Assets/Tilemap/Default.prefab
  artifactKey: Guid(24d102593fc69eb42bb3dd7c5b50d5d3) Importer(815301076,1909f56bfc062723c751e8b465ee728b)
Start importing Assets/Tilemap/Default.prefab using Guid(24d102593fc69eb42bb3dd7c5b50d5d3) Importer(815301076,1909f56bfc062723c751e8b465ee728b)  -> (artifact id: '495de9ab4da82c60a64c68c4339ff43a') in 0.317963 seconds 
========================================================================
Received Import Request.
  Time since last request: 0.000032 seconds.
  path: Assets/Tilemap/HOME_TILES_5.asset
  artifactKey: Guid(e6528b52186047f4cb3de26aa2c36b56) Importer(815301076,1909f56bfc062723c751e8b465ee728b)
Start importing Assets/Tilemap/HOME_TILES_5.asset using Guid(e6528b52186047f4cb3de26aa2c36b56) Importer(815301076,1909f56bfc062723c751e8b465ee728b)  -> (artifact id: '59e5149cfb34703e26efe18495184440') in 0.019306 seconds 
========================================================================
Received Import Request.
  Time since last request: 0.000045 seconds.
  path: Assets/Tilemap/HOME_TILES_4.asset
  artifactKey: Guid(22fe29d2ebf4be04083b55f4a8fa3620) Importer(815301076,1909f56bfc062723c751e8b465ee728b)
Start importing Assets/Tilemap/HOME_TILES_4.asset using Guid(22fe29d2ebf4be04083b55f4a8fa3620) Importer(815301076,1909f56bfc062723c751e8b465ee728b)  -> (artifact id: '851d8ab8a9a3c3a375337bef3c7e3e15') in 0.017793 seconds 
========================================================================
Received Import Request.
  Time since last request: 0.000049 seconds.
  path: Assets/Tilemap/HOME_TILES_7.asset
  artifactKey: Guid(9104484804416d449b1f4936ca6ab4e2) Importer(815301076,1909f56bfc062723c751e8b465ee728b)
Start importing Assets/Tilemap/HOME_TILES_7.asset using Guid(9104484804416d449b1f4936ca6ab4e2) Importer(815301076,1909f56bfc062723c751e8b465ee728b)  -> (artifact id: '2d68a12419a957c1a23cd7105b29b84c') in 0.010473 seconds 
Editor requested this worker to shutdown with reason: Scaling down because of idle timeout
AssetImportWorker is now disconnected from the server
Process exiting
Exiting without the bug reporter. Application will terminate with return code 0